{
  message: 'Token verification for 14797a3f-3c3a-4947-b2e9-a2751c98c882',
  level: 'info',
  timestamp: '2024-01-03T09:10:19.546Z'
}
{
  message: 'Token verification for c7847d36-1c37-40dc-ba28-44fc2ee90198',
  level: 'info',
  timestamp: '2024-01-03T09:13:49.851Z'
}
{
  message: 'Token verification for c7847d36-1c37-40dc-ba28-44fc2ee90198',
  level: 'info',
  timestamp: '2024-01-03T09:13:51.892Z'
}
{
  message: 'Token verification for c7847d36-1c37-40dc-ba28-44fc2ee90198',
  level: 'info',
  timestamp: '2024-01-03T09:24:33.428Z'
}
{
  message: 'Token verification for c7847d36-1c37-40dc-ba28-44fc2ee90198',
  level: 'info',
  timestamp: '2024-01-03T13:50:10.384Z'
}
{
  message: 'Token verification for c7847d36-1c37-40dc-ba28-44fc2ee90198',
  level: 'info',
  timestamp: '2024-01-03T13:50:43.564Z'
}
{
  message: 'Token verification for 69ca2830-5030-465a-b64c-e7efffb05eb6',
  level: 'info',
  timestamp: '2024-01-03T13:50:47.077Z'
}
{
  message: 'Token verification for 69ca2830-5030-465a-b64c-e7efffb05eb6',
  level: 'info',
  timestamp: '2024-01-03T13:51:30.545Z'
}
{
  message: 'Token verification for 69ca2830-5030-465a-b64c-e7efffb05eb6',
  level: 'info',
  timestamp: '2024-01-03T13:51:42.072Z'
}
{
  message: 'Token verification for 69ca2830-5030-465a-b64c-e7efffb05eb6',
  level: 'info',
  timestamp: '2024-01-03T14:33:10.349Z'
}
{
  message: 'Token verification for aeae5fc1-ffb7-4fda-8e08-f61f8d760e91',
  level: 'info',
  timestamp: '2024-01-03T14:46:39.083Z'
}
{
  message: 'Token verification for 69ca2830-5030-465a-b64c-e7efffb05eb6',
  level: 'info',
  timestamp: '2024-01-03T15:01:21.230Z'
}
{
  message: 'Token verification for 69ca2830-5030-465a-b64c-e7efffb05eb6',
  level: 'info',
  timestamp: '2024-01-03T15:20:16.943Z'
}
{
  message: 'Token verification for 69ca2830-5030-465a-b64c-e7efffb05eb6',
  level: 'info',
  timestamp: '2024-01-03T15:20:31.100Z'
}
{
  message: 'Token verification for 69ca2830-5030-465a-b64c-e7efffb05eb6',
  level: 'info',
  timestamp: '2024-01-03T15:20:53.255Z'
}
{
  message: 'Token verification for 69ca2830-5030-465a-b64c-e7efffb05eb6',
  level: 'info',
  timestamp: '2024-01-03T15:21:01.194Z'
}
{
  message: 'Token verification for 69ca2830-5030-465a-b64c-e7efffb05eb6',
  level: 'info',
  timestamp: '2024-01-03T15:21:20.538Z'
}
{
  message: 'Token verification for 69ca2830-5030-465a-b64c-e7efffb05eb6',
  level: 'info',
  timestamp: '2024-01-03T15:21:36.284Z'
}
{
  message: 'Token verification for 69ca2830-5030-465a-b64c-e7efffb05eb6',
  level: 'info',
  timestamp: '2024-01-03T15:21:36.975Z'
}
{
  message: 'Token verification for 69ca2830-5030-465a-b64c-e7efffb05eb6',
  level: 'info',
  timestamp: '2024-01-03T15:21:46.915Z'
}
{
  message: 'Token verification for 69ca2830-5030-465a-b64c-e7efffb05eb6',
  level: 'info',
  timestamp: '2024-01-03T15:22:09.805Z'
}
{
  message: 'Token verification for aeae5fc1-ffb7-4fda-8e08-f61f8d760e91',
  level: 'info',
  timestamp: '2024-01-03T15:26:37.521Z'
}
{
  message: 'Token verification for aeae5fc1-ffb7-4fda-8e08-f61f8d760e91',
  level: 'info',
  timestamp: '2024-01-03T15:26:58.709Z'
}
{
  message: 'Token verification for aeae5fc1-ffb7-4fda-8e08-f61f8d760e91',
  level: 'info',
  timestamp: '2024-01-03T15:30:37.817Z'
}
{
  message: 'Token verification for aeae5fc1-ffb7-4fda-8e08-f61f8d760e91',
  level: 'info',
  timestamp: '2024-01-03T15:31:06.195Z'
}
{
  message: 'Token verification for 69ca2830-5030-465a-b64c-e7efffb05eb6',
  level: 'info',
  timestamp: '2024-01-03T15:31:20.865Z'
}
{
  message: 'Token verification for 69ca2830-5030-465a-b64c-e7efffb05eb6',
  level: 'info',
  timestamp: '2024-01-03T15:31:45.270Z'
}
{
  message: 'Token verification for 69ca2830-5030-465a-b64c-e7efffb05eb6',
  level: 'info',
  timestamp: '2024-01-03T15:32:16.074Z'
}
{
  message: 'Token verification for aeae5fc1-ffb7-4fda-8e08-f61f8d760e91',
  level: 'info',
  timestamp: '2024-01-03T15:32:46.552Z'
}
{
  message: 'Token verification for aeae5fc1-ffb7-4fda-8e08-f61f8d760e91',
  level: 'info',
  timestamp: '2024-01-03T15:33:24.834Z'
}
{
  message: 'Token verification for aeae5fc1-ffb7-4fda-8e08-f61f8d760e91',
  level: 'info',
  timestamp: '2024-01-03T15:35:00.898Z'
}
{
  message: 'Token verification for aeae5fc1-ffb7-4fda-8e08-f61f8d760e91',
  level: 'info',
  timestamp: '2024-01-03T15:35:08.228Z'
}
{
  message: 'Token verification for aeae5fc1-ffb7-4fda-8e08-f61f8d760e91',
  level: 'info',
  timestamp: '2024-01-03T15:35:18.006Z'
}
{
  message: 'Token verification for aeae5fc1-ffb7-4fda-8e08-f61f8d760e91',
  level: 'info',
  timestamp: '2024-01-03T15:35:23.441Z'
}
{
  message: 'Token verification for aeae5fc1-ffb7-4fda-8e08-f61f8d760e91',
  level: 'info',
  timestamp: '2024-01-03T16:04:44.135Z'
}
{
  message: 'Token verification for aeae5fc1-ffb7-4fda-8e08-f61f8d760e91',
  level: 'info',
  timestamp: '2024-01-03T16:05:11.068Z'
}
{
  message: 'Token verification for aeae5fc1-ffb7-4fda-8e08-f61f8d760e91',
  level: 'info',
  timestamp: '2024-01-03T16:06:19.312Z'
}
{
  message: 'Token verification for aeae5fc1-ffb7-4fda-8e08-f61f8d760e91',
  level: 'info',
  timestamp: '2024-01-03T16:08:02.236Z'
}
{
  message: 'Token verification for aeae5fc1-ffb7-4fda-8e08-f61f8d760e91',
  level: 'info',
  timestamp: '2024-01-03T16:08:08.712Z'
}
{
  message: 'Token verification for aeae5fc1-ffb7-4fda-8e08-f61f8d760e91',
  level: 'info',
  timestamp: '2024-01-03T16:08:11.338Z'
}
{
  message: 'Token verification for 11a16548-9dc3-4943-b09d-f43fdd794217',
  level: 'info',
  timestamp: '2024-01-03T16:14:54.942Z'
}
{
  message: 'Token verification for 11a16548-9dc3-4943-b09d-f43fdd794217',
  level: 'info',
  timestamp: '2024-01-03T16:15:30.079Z'
}
{
  message: 'Token verification for 11a16548-9dc3-4943-b09d-f43fdd794217',
  level: 'info',
  timestamp: '2024-01-03T16:16:26.066Z'
}
{
  message: 'Token verification for 11a16548-9dc3-4943-b09d-f43fdd794217',
  level: 'info',
  timestamp: '2024-01-03T16:18:12.734Z'
}
{
  message: 'Token verification for 11a16548-9dc3-4943-b09d-f43fdd794217',
  level: 'info',
  timestamp: '2024-01-03T16:21:26.252Z'
}
{
  message: 'Token verification for 11a16548-9dc3-4943-b09d-f43fdd794217',
  level: 'info',
  timestamp: '2024-01-03T16:21:40.033Z'
}
{
  message: 'Token verification for 11a16548-9dc3-4943-b09d-f43fdd794217',
  level: 'info',
  timestamp: '2024-01-03T16:21:46.109Z'
}
{
  message: 'Token verification for 11a16548-9dc3-4943-b09d-f43fdd794217',
  level: 'info',
  timestamp: '2024-01-03T16:23:49.543Z'
}
{
  message: 'Token verification for 11a16548-9dc3-4943-b09d-f43fdd794217',
  level: 'info',
  timestamp: '2024-01-03T16:24:29.428Z'
}
{
  message: 'Token verification for 11a16548-9dc3-4943-b09d-f43fdd794217',
  level: 'info',
  timestamp: '2024-01-03T16:26:12.260Z'
}
{
  message: 'Token verification for 11a16548-9dc3-4943-b09d-f43fdd794217',
  level: 'info',
  timestamp: '2024-01-03T16:26:22.092Z'
}
{
  message: 'Token verification for 11a16548-9dc3-4943-b09d-f43fdd794217',
  level: 'info',
  timestamp: '2024-01-03T16:26:27.425Z'
}
{
  message: 'Token verification for 11a16548-9dc3-4943-b09d-f43fdd794217',
  level: 'info',
  timestamp: '2024-01-03T16:26:30.363Z'
}
{
  message: 'Token verification for 11a16548-9dc3-4943-b09d-f43fdd794217',
  level: 'info',
  timestamp: '2024-01-03T16:26:42.258Z'
}
{
  message: '🚀 Express configured',
  level: 'info',
  timestamp: '2024-01-03T16:36:07.449Z'
}
{
  message: '🚀 Database ready',
  level: 'info',
  timestamp: '2024-01-03T16:36:07.583Z'
}
{
  message: '🚀 Express ready',
  level: 'info',
  timestamp: '2024-01-03T16:36:07.585Z'
}
{
  message: 'Token verification for 11a16548-9dc3-4943-b09d-f43fdd794217',
  level: 'info',
  timestamp: '2024-01-03T16:36:16.293Z'
}
{
  message: 'Notes Found',
  level: 'info',
  timestamp: '2024-01-03T16:36:16.304Z'
}
